<?xml version="1.0" encoding="utf-8"?><testsuites name="pytest tests"><testsuite name="pytest" errors="0" failures="0" skipped="0" tests="3" time="11.698" timestamp="2025-08-15T00:42:21.978553+05:00" hostname="emansnotebook"><testcase classname="tests.test_loginaction" name="test_loginaction[chromium]" time="6.729" /><testcase classname="tests.test_orderconfirmationhappyflow" name="test_addtocart[chromium]" time="2.736" /><testcase classname="tests.test_sorting" name="test_sorting[chromium]" time="2.182" /></testsuite></testsuites>